INFO: [VRFC 10-163] Analyzing VHDL file "/home/deladrie/Bureau/BE_MAC/BE_MAC.srcs/sources_1/new/reception.vhd" into library xil_defaultlib
INFO: [VRFC 10-307] analyzing entity EthernetController
INFO: [VRFC 10-163] Analyzing VHDL file "/home/deladrie/Bureau/BE_MAC/BE_MAC.srcs/sim_1/new/test_reception.vhd" into library xil_defaultlib
INFO: [VRFC 10-307] analyzing entity test_reception
INFO: [VRFC 10-163] Analyzing VHDL file "/home/deladrie/Bureau/BE_MAC/BE_MAC.srcs/sim_1/new/test_reception.vhd" into library xil_defaultlib
INFO: [VRFC 10-307] analyzing entity test_reception
INFO: [VRFC 10-163] Analyzing VHDL file "/home/deladrie/Bureau/BE_MAC/BE_MAC.srcs/sources_1/new/reception.vhd" into library xil_defaultlib
INFO: [VRFC 10-307] analyzing entity EthernetController
INFO: [VRFC 10-163] Analyzing VHDL file "/home/deladrie/Bureau/BE_MAC/BE_MAC.srcs/sim_1/new/test_reception.vhd" into library xil_defaultlib
INFO: [VRFC 10-307] analyzing entity test_reception
INFO: [VRFC 10-163] Analyzing VHDL file "/home/deladrie/Bureau/BE_MAC/BE_MAC.srcs/sim_1/new/test_reception.vhd" into library xil_defaultlib
INFO: [VRFC 10-307] analyzing entity test_reception
INFO: [VRFC 10-163] Analyzing VHDL file "/home/deladrie/Bureau/BE_MAC/BE_MAC.srcs/sim_1/new/test_reception.vhd" into library xil_defaultlib
INFO: [VRFC 10-307] analyzing entity test_reception
INFO: [VRFC 10-163] Analyzing VHDL file "/home/deladrie/Bureau/BE_MAC/BE_MAC.srcs/sim_1/new/test_reception.vhd" into library xil_defaultlib
INFO: [VRFC 10-307] analyzing entity test_reception
INFO: [VRFC 10-163] Analyzing VHDL file "/home/deladrie/Bureau/BE_MAC/BE_MAC.srcs/sources_1/new/reception.vhd" into library xil_defaultlib
INFO: [VRFC 10-307] analyzing entity EthernetController
INFO: [VRFC 10-163] Analyzing VHDL file "/home/deladrie/Bureau/BE_MAC/BE_MAC.srcs/sim_1/new/test_reception.vhd" into library xil_defaultlib
INFO: [VRFC 10-307] analyzing entity test_reception
INFO: [VRFC 10-163] Analyzing VHDL file "/home/deladrie/Bureau/BE_MAC/BE_MAC.srcs/sources_1/new/reception.vhd" into library xil_defaultlib
INFO: [VRFC 10-307] analyzing entity EthernetController
INFO: [VRFC 10-163] Analyzing VHDL file "/home/deladrie/Bureau/BE_MAC/BE_MAC.srcs/sim_1/new/test_reception.vhd" into library xil_defaultlib
INFO: [VRFC 10-307] analyzing entity test_reception
INFO: [VRFC 10-163] Analyzing VHDL file "/home/deladrie/Bureau/BE_MAC/BE_MAC.srcs/sim_1/new/test_reception.vhd" into library xil_defaultlib
INFO: [VRFC 10-307] analyzing entity test_reception
INFO: [VRFC 10-163] Analyzing VHDL file "/home/deladrie/Bureau/BE_MAC/BE_MAC.srcs/sim_1/new/test_reception.vhd" into library xil_defaultlib
INFO: [VRFC 10-307] analyzing entity test_reception
INFO: [VRFC 10-163] Analyzing VHDL file "/home/deladrie/Bureau/BE_MAC/BE_MAC.srcs/sources_1/new/reception.vhd" into library xil_defaultlib
INFO: [VRFC 10-307] analyzing entity EthernetController
INFO: [VRFC 10-163] Analyzing VHDL file "/home/deladrie/Bureau/BE_MAC/BE_MAC.srcs/sim_1/new/test_reception.vhd" into library xil_defaultlib
INFO: [VRFC 10-307] analyzing entity test_reception
INFO: [VRFC 10-163] Analyzing VHDL file "/home/deladrie/Bureau/BE_MAC/BE_MAC.srcs/sources_1/new/reception.vhd" into library xil_defaultlib
INFO: [VRFC 10-307] analyzing entity EthernetController
INFO: [VRFC 10-163] Analyzing VHDL file "/home/deladrie/Bureau/BE_MAC/BE_MAC.srcs/sim_1/new/test_reception.vhd" into library xil_defaultlib
INFO: [VRFC 10-307] analyzing entity test_reception
INFO: [VRFC 10-163] Analyzing VHDL file "/home/deladrie/Bureau/BE_MAC/BE_MAC.srcs/sim_1/new/test_reception.vhd" into library xil_defaultlib
INFO: [VRFC 10-307] analyzing entity test_reception
INFO: [VRFC 10-163] Analyzing VHDL file "/home/deladrie/Bureau/BE_MAC/BE_MAC.srcs/sources_1/new/reception.vhd" into library xil_defaultlib
INFO: [VRFC 10-307] analyzing entity EthernetController
INFO: [VRFC 10-163] Analyzing VHDL file "/home/deladrie/Bureau/BE_MAC/BE_MAC.srcs/sim_1/new/test_reception.vhd" into library xil_defaultlib
INFO: [VRFC 10-307] analyzing entity test_reception
INFO: [VRFC 10-163] Analyzing VHDL file "/home/deladrie/Bureau/BE_MAC/BE_MAC.srcs/sim_1/new/test_reception.vhd" into library xil_defaultlib
INFO: [VRFC 10-307] analyzing entity test_reception
INFO: [VRFC 10-163] Analyzing VHDL file "/home/deladrie/Bureau/BE_MAC/BE_MAC.srcs/sources_1/new/reception.vhd" into library xil_defaultlib
INFO: [VRFC 10-307] analyzing entity EthernetController
INFO: [VRFC 10-163] Analyzing VHDL file "/home/deladrie/Bureau/BE_MAC/BE_MAC.srcs/sim_1/new/test_reception.vhd" into library xil_defaultlib
INFO: [VRFC 10-307] analyzing entity test_reception
INFO: [VRFC 10-163] Analyzing VHDL file "/home/deladrie/Bureau/BE_MAC/BE_MAC.srcs/sources_1/new/reception.vhd" into library xil_defaultlib
INFO: [VRFC 10-307] analyzing entity EthernetController
INFO: [VRFC 10-163] Analyzing VHDL file "/home/deladrie/Bureau/BE_MAC/BE_MAC.srcs/sim_1/new/test_reception.vhd" into library xil_defaultlib
INFO: [VRFC 10-307] analyzing entity test_reception
INFO: [VRFC 10-163] Analyzing VHDL file "/home/deladrie/Bureau/BE_MAC/BE_MAC.srcs/sim_1/new/test_reception.vhd" into library xil_defaultlib
INFO: [VRFC 10-307] analyzing entity test_reception
INFO: [VRFC 10-163] Analyzing VHDL file "/home/deladrie/Bureau/BE_MAC/BE_MAC.srcs/sim_1/new/test_reception.vhd" into library xil_defaultlib
INFO: [VRFC 10-307] analyzing entity test_reception
INFO: [VRFC 10-163] Analyzing VHDL file "/home/deladrie/Bureau/BE_MAC/BE_MAC.srcs/sim_1/new/test_reception.vhd" into library xil_defaultlib
INFO: [VRFC 10-307] analyzing entity test_reception
INFO: [VRFC 10-163] Analyzing VHDL file "/home/deladrie/Bureau/BE_MAC/BE_MAC.srcs/sources_1/new/reception.vhd" into library xil_defaultlib
INFO: [VRFC 10-307] analyzing entity EthernetController
INFO: [VRFC 10-163] Analyzing VHDL file "/home/deladrie/Bureau/BE_MAC/BE_MAC.srcs/sim_1/new/test_reception.vhd" into library xil_defaultlib
INFO: [VRFC 10-307] analyzing entity test_reception
INFO: [VRFC 10-163] Analyzing VHDL file "/home/deladrie/Bureau/BE_MAC/BE_MAC.srcs/sources_1/new/reception.vhd" into library xil_defaultlib
INFO: [VRFC 10-307] analyzing entity EthernetController
INFO: [VRFC 10-163] Analyzing VHDL file "/home/deladrie/Bureau/BE_MAC/BE_MAC.srcs/sim_1/new/test_reception.vhd" into library xil_defaultlib
INFO: [VRFC 10-307] analyzing entity test_reception
INFO: [VRFC 10-163] Analyzing VHDL file "/home/deladrie/Bureau/BE_MAC/BE_MAC.srcs/sources_1/new/reception.vhd" into library xil_defaultlib
INFO: [VRFC 10-307] analyzing entity EthernetController
INFO: [VRFC 10-163] Analyzing VHDL file "/home/deladrie/Bureau/BE_MAC/BE_MAC.srcs/sim_1/new/test_reception.vhd" into library xil_defaultlib
INFO: [VRFC 10-307] analyzing entity test_reception
INFO: [VRFC 10-163] Analyzing VHDL file "/home/deladrie/Bureau/BE_MAC/BE_MAC.srcs/sim_1/new/test_reception.vhd" into library xil_defaultlib
INFO: [VRFC 10-307] analyzing entity test_reception
INFO: [VRFC 10-163] Analyzing VHDL file "/home/deladrie/Bureau/BE_MAC/BE_MAC.srcs/sim_1/new/test_reception.vhd" into library xil_defaultlib
INFO: [VRFC 10-307] analyzing entity test_reception
INFO: [VRFC 10-163] Analyzing VHDL file "/home/deladrie/Bureau/BE_MAC/BE_MAC.srcs/sources_1/new/reception.vhd" into library xil_defaultlib
INFO: [VRFC 10-307] analyzing entity EthernetController
INFO: [VRFC 10-163] Analyzing VHDL file "/home/deladrie/Bureau/BE_MAC/BE_MAC.srcs/sim_1/new/test_reception.vhd" into library xil_defaultlib
INFO: [VRFC 10-307] analyzing entity test_reception
INFO: [VRFC 10-163] Analyzing VHDL file "/home/deladrie/Bureau/BE_MAC/BE_MAC.srcs/sim_1/new/test_reception.vhd" into library xil_defaultlib
INFO: [VRFC 10-307] analyzing entity test_reception
INFO: [VRFC 10-163] Analyzing VHDL file "/home/deladrie/Bureau/BE_MAC/BE_MAC.srcs/sources_1/new/reception.vhd" into library xil_defaultlib
INFO: [VRFC 10-307] analyzing entity EthernetController
INFO: [VRFC 10-163] Analyzing VHDL file "/home/deladrie/Bureau/BE_MAC/BE_MAC.srcs/sim_1/new/test_reception.vhd" into library xil_defaultlib
INFO: [VRFC 10-307] analyzing entity test_reception
INFO: [VRFC 10-163] Analyzing VHDL file "/home/deladrie/Bureau/BE_MAC/BE_MAC.srcs/sim_1/new/test_reception.vhd" into library xil_defaultlib
INFO: [VRFC 10-307] analyzing entity test_reception
INFO: [VRFC 10-163] Analyzing VHDL file "/home/deladrie/Bureau/BE_MAC/BE_MAC.srcs/sources_1/new/reception.vhd" into library xil_defaultlib
INFO: [VRFC 10-307] analyzing entity EthernetController
INFO: [VRFC 10-163] Analyzing VHDL file "/home/deladrie/Bureau/BE_MAC/BE_MAC.srcs/sim_1/new/test_reception.vhd" into library xil_defaultlib
INFO: [VRFC 10-307] analyzing entity test_reception
INFO: [VRFC 10-163] Analyzing VHDL file "/home/deladrie/Bureau/BE_MAC/BE_MAC.srcs/sources_1/new/reception.vhd" into library xil_defaultlib
INFO: [VRFC 10-307] analyzing entity EthernetController
INFO: [VRFC 10-163] Analyzing VHDL file "/home/deladrie/Bureau/BE_MAC/BE_MAC.srcs/sim_1/new/test_reception.vhd" into library xil_defaultlib
INFO: [VRFC 10-307] analyzing entity test_reception
INFO: [VRFC 10-163] Analyzing VHDL file "/home/deladrie/Bureau/BE_MAC/BE_MAC.srcs/sources_1/new/reception.vhd" into library xil_defaultlib
INFO: [VRFC 10-307] analyzing entity EthernetController
INFO: [VRFC 10-163] Analyzing VHDL file "/home/deladrie/Bureau/BE_MAC/BE_MAC.srcs/sim_1/new/test_reception.vhd" into library xil_defaultlib
INFO: [VRFC 10-307] analyzing entity test_reception
INFO: [VRFC 10-163] Analyzing VHDL file "/home/deladrie/Bureau/BE_MAC/BE_MAC.srcs/sources_1/new/reception.vhd" into library xil_defaultlib
INFO: [VRFC 10-307] analyzing entity EthernetController
INFO: [VRFC 10-163] Analyzing VHDL file "/home/deladrie/Bureau/BE_MAC/BE_MAC.srcs/sim_1/new/test_reception.vhd" into library xil_defaultlib
INFO: [VRFC 10-307] analyzing entity test_reception
INFO: [VRFC 10-163] Analyzing VHDL file "/home/deladrie/Bureau/BE_MAC/BE_MAC.srcs/sim_1/new/test_reception.vhd" into library xil_defaultlib
INFO: [VRFC 10-307] analyzing entity test_reception
INFO: [VRFC 10-163] Analyzing VHDL file "/home/deladrie/Bureau/BE_MAC/BE_MAC.srcs/sim_1/new/test_reception.vhd" into library xil_defaultlib
INFO: [VRFC 10-307] analyzing entity test_reception
INFO: [VRFC 10-163] Analyzing VHDL file "/home/deladrie/Bureau/BE_MAC/BE_MAC.srcs/sources_1/new/reception.vhd" into library xil_defaultlib
INFO: [VRFC 10-307] analyzing entity EthernetController
INFO: [VRFC 10-163] Analyzing VHDL file "/home/deladrie/Bureau/BE_MAC/BE_MAC.srcs/sim_1/new/test_reception.vhd" into library xil_defaultlib
INFO: [VRFC 10-307] analyzing entity test_reception
INFO: [VRFC 10-163] Analyzing VHDL file "/home/deladrie/Bureau/BE_MAC/BE_MAC.srcs/sources_1/new/reception.vhd" into library xil_defaultlib
INFO: [VRFC 10-307] analyzing entity EthernetController
INFO: [VRFC 10-163] Analyzing VHDL file "/home/deladrie/Bureau/BE_MAC/BE_MAC.srcs/sim_1/new/test_reception.vhd" into library xil_defaultlib
INFO: [VRFC 10-307] analyzing entity test_reception
INFO: [VRFC 10-163] Analyzing VHDL file "/home/deladrie/Bureau/BE_MAC/BE_MAC.srcs/sources_1/new/reception.vhd" into library xil_defaultlib
INFO: [VRFC 10-307] analyzing entity EthernetController
INFO: [VRFC 10-163] Analyzing VHDL file "/home/deladrie/Bureau/BE_MAC/BE_MAC.srcs/sim_1/new/test_reception.vhd" into library xil_defaultlib
INFO: [VRFC 10-307] analyzing entity test_reception
INFO: [VRFC 10-163] Analyzing VHDL file "/home/deladrie/Bureau/BE_MAC/BE_MAC.srcs/sim_1/new/test_reception.vhd" into library xil_defaultlib
INFO: [VRFC 10-307] analyzing entity test_reception
INFO: [VRFC 10-163] Analyzing VHDL file "/home/deladrie/Bureau/BE_MAC/BE_MAC.srcs/sources_1/new/reception.vhd" into library xil_defaultlib
INFO: [VRFC 10-307] analyzing entity EthernetController
INFO: [VRFC 10-163] Analyzing VHDL file "/home/deladrie/Bureau/BE_MAC/BE_MAC.srcs/sim_1/new/test_reception.vhd" into library xil_defaultlib
INFO: [VRFC 10-307] analyzing entity test_reception
INFO: [VRFC 10-163] Analyzing VHDL file "/home/deladrie/Bureau/BE_MAC/BE_MAC.srcs/sources_1/new/reception.vhd" into library xil_defaultlib
INFO: [VRFC 10-307] analyzing entity EthernetController
INFO: [VRFC 10-163] Analyzing VHDL file "/home/deladrie/Bureau/BE_MAC/BE_MAC.srcs/sim_1/new/test_reception.vhd" into library xil_defaultlib
INFO: [VRFC 10-307] analyzing entity test_reception
ERROR: [VRFC 10-91] t_finishp is not declared [/home/deladrie/Bureau/BE_MAC/BE_MAC.srcs/sim_1/new/test_reception.vhd:91]
ERROR: [VRFC 10-283] actual of formal out port treaddp cannot be an expression [/home/deladrie/Bureau/BE_MAC/BE_MAC.srcs/sim_1/new/test_reception.vhd:91]
ERROR: [VRFC 10-2666] formal port tdatai has no actual or default value [/home/deladrie/Bureau/BE_MAC/BE_MAC.srcs/sim_1/new/test_reception.vhd:91]
ERROR: [VRFC 10-1504] unit behavioral ignored due to previous errors [/home/deladrie/Bureau/BE_MAC/BE_MAC.srcs/sim_1/new/test_reception.vhd:38]
INFO: [VRFC 10-240] VHDL file /home/deladrie/Bureau/BE_MAC/BE_MAC.srcs/sim_1/new/test_reception.vhd ignored due to errors
INFO: [VRFC 10-163] Analyzing VHDL file "/home/deladrie/Bureau/BE_MAC/BE_MAC.srcs/sources_1/new/reception.vhd" into library xil_defaultlib
INFO: [VRFC 10-307] analyzing entity EthernetController
ERROR: [VRFC 10-91] tabort is not declared [/home/deladrie/Bureau/BE_MAC/BE_MAC.srcs/sources_1/new/reception.vhd:120]
ERROR: [VRFC 10-1504] unit behavioral ignored due to previous errors [/home/deladrie/Bureau/BE_MAC/BE_MAC.srcs/sources_1/new/reception.vhd:31]
INFO: [VRFC 10-240] VHDL file /home/deladrie/Bureau/BE_MAC/BE_MAC.srcs/sources_1/new/reception.vhd ignored due to errors
INFO: [VRFC 10-163] Analyzing VHDL file "/home/deladrie/Bureau/BE_MAC/BE_MAC.srcs/sources_1/new/reception.vhd" into library xil_defaultlib
INFO: [VRFC 10-307] analyzing entity EthernetController
INFO: [VRFC 10-163] Analyzing VHDL file "/home/deladrie/Bureau/BE_MAC/BE_MAC.srcs/sim_1/new/test_reception.vhd" into library xil_defaultlib
INFO: [VRFC 10-307] analyzing entity test_reception
INFO: [VRFC 10-163] Analyzing VHDL file "/home/deladrie/Bureau/BE_MAC/BE_MAC.srcs/sources_1/new/reception.vhd" into library xil_defaultlib
INFO: [VRFC 10-307] analyzing entity EthernetController
INFO: [VRFC 10-163] Analyzing VHDL file "/home/deladrie/Bureau/BE_MAC/BE_MAC.srcs/sim_1/new/test_reception.vhd" into library xil_defaultlib
INFO: [VRFC 10-307] analyzing entity test_reception
INFO: [VRFC 10-163] Analyzing VHDL file "/home/deladrie/Bureau/BE_MAC/BE_MAC.srcs/sim_1/new/test_reception.vhd" into library xil_defaultlib
INFO: [VRFC 10-307] analyzing entity test_reception
INFO: [VRFC 10-163] Analyzing VHDL file "/home/deladrie/Bureau/BE_MAC/BE_MAC.srcs/sim_1/new/test_reception.vhd" into library xil_defaultlib
INFO: [VRFC 10-307] analyzing entity test_reception
INFO: [VRFC 10-163] Analyzing VHDL file "/home/deladrie/Bureau/BE_MAC/BE_MAC.srcs/sim_1/new/test_reception.vhd" into library xil_defaultlib
INFO: [VRFC 10-307] analyzing entity test_reception
INFO: [VRFC 10-163] Analyzing VHDL file "/home/deladrie/Bureau/BE_MAC/BE_MAC.srcs/sim_1/new/test_reception.vhd" into library xil_defaultlib
INFO: [VRFC 10-307] analyzing entity test_reception
INFO: [VRFC 10-163] Analyzing VHDL file "/home/deladrie/Bureau/BE_MAC/BE_MAC.srcs/sim_1/new/test_reception.vhd" into library xil_defaultlib
INFO: [VRFC 10-307] analyzing entity test_reception
INFO: [VRFC 10-163] Analyzing VHDL file "/home/deladrie/Bureau/BE_MAC/BE_MAC.srcs/sources_1/new/reception.vhd" into library xil_defaultlib
INFO: [VRFC 10-307] analyzing entity EthernetController
INFO: [VRFC 10-163] Analyzing VHDL file "/home/deladrie/Bureau/BE_MAC/BE_MAC.srcs/sim_1/new/test_reception.vhd" into library xil_defaultlib
INFO: [VRFC 10-307] analyzing entity test_reception
INFO: [VRFC 10-163] Analyzing VHDL file "/home/deladrie/Bureau/BE_MAC/BE_MAC.srcs/sources_1/new/reception.vhd" into library xil_defaultlib
INFO: [VRFC 10-307] analyzing entity EthernetController
INFO: [VRFC 10-163] Analyzing VHDL file "/home/deladrie/Bureau/BE_MAC/BE_MAC.srcs/sim_1/new/test_reception.vhd" into library xil_defaultlib
INFO: [VRFC 10-307] analyzing entity test_reception
INFO: [VRFC 10-163] Analyzing VHDL file "/home/deladrie/Bureau/BE_MAC/BE_MAC.srcs/sources_1/new/reception.vhd" into library xil_defaultlib
INFO: [VRFC 10-307] analyzing entity EthernetController
INFO: [VRFC 10-163] Analyzing VHDL file "/home/deladrie/Bureau/BE_MAC/BE_MAC.srcs/sim_1/new/test_reception.vhd" into library xil_defaultlib
INFO: [VRFC 10-307] analyzing entity test_reception
INFO: [VRFC 10-163] Analyzing VHDL file "/home/deladrie/Bureau/BE_MAC/BE_MAC.srcs/sources_1/new/reception.vhd" into library xil_defaultlib
INFO: [VRFC 10-307] analyzing entity EthernetController
INFO: [VRFC 10-163] Analyzing VHDL file "/home/deladrie/Bureau/BE_MAC/BE_MAC.srcs/sim_1/new/test_reception.vhd" into library xil_defaultlib
INFO: [VRFC 10-307] analyzing entity test_reception
INFO: [VRFC 10-163] Analyzing VHDL file "/home/deladrie/Bureau/BE_MAC/BE_MAC.srcs/sim_1/new/test_reception.vhd" into library xil_defaultlib
INFO: [VRFC 10-307] analyzing entity test_reception
INFO: [VRFC 10-163] Analyzing VHDL file "/home/deladrie/Bureau/BE_MAC/BE_MAC.srcs/sim_1/new/test_reception.vhd" into library xil_defaultlib
INFO: [VRFC 10-307] analyzing entity test_reception
INFO: [VRFC 10-163] Analyzing VHDL file "/home/deladrie/Bureau/BE_MAC/BE_MAC.srcs/sources_1/new/reception.vhd" into library xil_defaultlib
INFO: [VRFC 10-307] analyzing entity EthernetController
INFO: [VRFC 10-163] Analyzing VHDL file "/home/deladrie/Bureau/BE_MAC/BE_MAC.srcs/sim_1/new/test_reception.vhd" into library xil_defaultlib
INFO: [VRFC 10-307] analyzing entity test_reception
INFO: [VRFC 10-163] Analyzing VHDL file "/home/deladrie/Bureau/BE_MAC/BE_MAC.srcs/sources_1/new/reception.vhd" into library xil_defaultlib
INFO: [VRFC 10-307] analyzing entity EthernetController
INFO: [VRFC 10-163] Analyzing VHDL file "/home/deladrie/Bureau/BE_MAC/BE_MAC.srcs/sim_1/new/test_reception.vhd" into library xil_defaultlib
INFO: [VRFC 10-307] analyzing entity test_reception
INFO: [VRFC 10-163] Analyzing VHDL file "/home/deladrie/Bureau/BE_MAC/BE_MAC.srcs/sources_1/new/reception.vhd" into library xil_defaultlib
INFO: [VRFC 10-307] analyzing entity EthernetController
INFO: [VRFC 10-163] Analyzing VHDL file "/home/deladrie/Bureau/BE_MAC/BE_MAC.srcs/sim_1/new/test_reception.vhd" into library xil_defaultlib
INFO: [VRFC 10-307] analyzing entity test_reception
INFO: [VRFC 10-163] Analyzing VHDL file "/home/deladrie/Bureau/BE_MAC/BE_MAC.srcs/sources_1/new/reception.vhd" into library xil_defaultlib
INFO: [VRFC 10-307] analyzing entity EthernetController
INFO: [VRFC 10-163] Analyzing VHDL file "/home/deladrie/Bureau/BE_MAC/BE_MAC.srcs/sim_1/new/test_reception.vhd" into library xil_defaultlib
INFO: [VRFC 10-307] analyzing entity test_reception
INFO: [VRFC 10-163] Analyzing VHDL file "/home/deladrie/Bureau/BE_MAC/BE_MAC.srcs/sim_1/new/test_reception.vhd" into library xil_defaultlib
INFO: [VRFC 10-307] analyzing entity test_reception
INFO: [VRFC 10-163] Analyzing VHDL file "/home/deladrie/Bureau/BE_MAC/BE_MAC.srcs/sources_1/new/reception.vhd" into library xil_defaultlib
INFO: [VRFC 10-307] analyzing entity EthernetController
INFO: [VRFC 10-163] Analyzing VHDL file "/home/deladrie/Bureau/BE_MAC/BE_MAC.srcs/sim_1/new/test_reception.vhd" into library xil_defaultlib
INFO: [VRFC 10-307] analyzing entity test_reception
INFO: [VRFC 10-163] Analyzing VHDL file "/home/deladrie/Bureau/BE_MAC/BE_MAC.srcs/sim_1/new/test_reception.vhd" into library xil_defaultlib
INFO: [VRFC 10-307] analyzing entity test_reception
INFO: [VRFC 10-163] Analyzing VHDL file "/home/deladrie/Bureau/BE_MAC/BE_MAC.srcs/sim_1/new/test_reception.vhd" into library xil_defaultlib
INFO: [VRFC 10-307] analyzing entity test_reception
INFO: [VRFC 10-163] Analyzing VHDL file "/home/deladrie/Bureau/BE_MAC/BE_MAC.srcs/sources_1/new/reception.vhd" into library xil_defaultlib
INFO: [VRFC 10-307] analyzing entity EthernetController
INFO: [VRFC 10-163] Analyzing VHDL file "/home/deladrie/Bureau/BE_MAC/BE_MAC.srcs/sim_1/new/test_reception.vhd" into library xil_defaultlib
INFO: [VRFC 10-307] analyzing entity test_reception
INFO: [VRFC 10-163] Analyzing VHDL file "/home/deladrie/Bureau/BE_MAC/BE_MAC.srcs/sim_1/new/test_reception.vhd" into library xil_defaultlib
INFO: [VRFC 10-307] analyzing entity test_reception
INFO: [VRFC 10-163] Analyzing VHDL file "/home/deladrie/Bureau/BE_MAC/BE_MAC.srcs/sim_1/new/test_reception.vhd" into library xil_defaultlib
INFO: [VRFC 10-307] analyzing entity test_reception
INFO: [VRFC 10-163] Analyzing VHDL file "/home/deladrie/Bureau/BE_MAC/BE_MAC.srcs/sim_1/new/test_reception.vhd" into library xil_defaultlib
INFO: [VRFC 10-307] analyzing entity test_reception
INFO: [VRFC 10-163] Analyzing VHDL file "/home/deladrie/Bureau/BE_MAC/BE_MAC.srcs/sim_1/new/test_reception.vhd" into library xil_defaultlib
INFO: [VRFC 10-307] analyzing entity test_reception
ERROR: [VRFC 10-1412] syntax error near end [/home/deladrie/Bureau/BE_MAC/BE_MAC.srcs/sim_1/new/test_reception.vhd:136]
INFO: [VRFC 10-240] VHDL file /home/deladrie/Bureau/BE_MAC/BE_MAC.srcs/sim_1/new/test_reception.vhd ignored due to errors
INFO: [VRFC 10-163] Analyzing VHDL file "/home/deladrie/Bureau/BE_MAC/BE_MAC.srcs/sim_1/new/test_reception.vhd" into library xil_defaultlib
INFO: [VRFC 10-307] analyzing entity test_reception
INFO: [VRFC 10-163] Analyzing VHDL file "/home/deladrie/Bureau/BE_MAC/BE_MAC.srcs/sources_1/new/reception.vhd" into library xil_defaultlib
INFO: [VRFC 10-307] analyzing entity EthernetController
INFO: [VRFC 10-163] Analyzing VHDL file "/home/deladrie/Bureau/BE_MAC/BE_MAC.srcs/sim_1/new/test_reception.vhd" into library xil_defaultlib
INFO: [VRFC 10-307] analyzing entity test_reception
INFO: [VRFC 10-163] Analyzing VHDL file "/home/deladrie/Bureau/BE_MAC/BE_MAC.srcs/sim_1/new/test_reception.vhd" into library xil_defaultlib
INFO: [VRFC 10-307] analyzing entity test_reception
INFO: [VRFC 10-163] Analyzing VHDL file "/home/deladrie/Bureau/BE_MAC/BE_MAC.srcs/sim_1/new/test_reception.vhd" into library xil_defaultlib
INFO: [VRFC 10-307] analyzing entity test_reception
INFO: [VRFC 10-163] Analyzing VHDL file "/home/deladrie/Bureau/BE_MAC/BE_MAC.srcs/sim_1/new/test_reception.vhd" into library xil_defaultlib
INFO: [VRFC 10-307] analyzing entity test_reception
INFO: [VRFC 10-163] Analyzing VHDL file "/home/deladrie/Bureau/BE_MAC/BE_MAC.srcs/sim_1/new/test_reception.vhd" into library xil_defaultlib
INFO: [VRFC 10-307] analyzing entity test_reception
INFO: [VRFC 10-163] Analyzing VHDL file "/home/deladrie/Bureau/BE_MAC/BE_MAC.srcs/sim_1/new/test_reception.vhd" into library xil_defaultlib
INFO: [VRFC 10-307] analyzing entity test_reception
INFO: [VRFC 10-163] Analyzing VHDL file "/home/deladrie/Bureau/BE_MAC/BE_MAC.srcs/sources_1/new/reception.vhd" into library xil_defaultlib
INFO: [VRFC 10-307] analyzing entity EthernetController
INFO: [VRFC 10-163] Analyzing VHDL file "/home/deladrie/Bureau/BE_MAC/BE_MAC.srcs/sim_1/new/test_reception.vhd" into library xil_defaultlib
INFO: [VRFC 10-307] analyzing entity test_reception
INFO: [VRFC 10-163] Analyzing VHDL file "/home/deladrie/Bureau/BE_MAC/BE_MAC.srcs/sim_1/new/test_reception.vhd" into library xil_defaultlib
INFO: [VRFC 10-307] analyzing entity test_reception
INFO: [VRFC 10-163] Analyzing VHDL file "/home/deladrie/Bureau/BE_MAC/BE_MAC.srcs/sources_1/new/reception.vhd" into library xil_defaultlib
INFO: [VRFC 10-307] analyzing entity EthernetController
INFO: [VRFC 10-163] Analyzing VHDL file "/home/deladrie/Bureau/BE_MAC/BE_MAC.srcs/sim_1/new/test_reception.vhd" into library xil_defaultlib
INFO: [VRFC 10-307] analyzing entity test_reception
INFO: [VRFC 10-163] Analyzing VHDL file "/home/deladrie/Bureau/BE_MAC/BE_MAC.srcs/sim_1/new/test_reception.vhd" into library xil_defaultlib
INFO: [VRFC 10-307] analyzing entity test_reception
INFO: [VRFC 10-163] Analyzing VHDL file "/home/deladrie/Bureau/BE_MAC/BE_MAC.srcs/sim_1/new/test_reception.vhd" into library xil_defaultlib
INFO: [VRFC 10-307] analyzing entity test_reception
INFO: [VRFC 10-163] Analyzing VHDL file "/home/deladrie/Bureau/BE_MAC/BE_MAC.srcs/sim_1/new/test_reception.vhd" into library xil_defaultlib
INFO: [VRFC 10-307] analyzing entity test_reception
INFO: [VRFC 10-163] Analyzing VHDL file "/home/deladrie/Bureau/BE_MAC/BE_MAC.srcs/sim_1/new/test_reception.vhd" into library xil_defaultlib
INFO: [VRFC 10-307] analyzing entity test_reception
INFO: [VRFC 10-163] Analyzing VHDL file "/home/deladrie/Bureau/BE_MAC/BE_MAC.srcs/sources_1/new/reception.vhd" into library xil_defaultlib
INFO: [VRFC 10-307] analyzing entity EthernetController
ERROR: [VRFC 10-460] cannot read from 'out' object trnsmtp ; use 'buffer' or 'inout' [/home/deladrie/Bureau/BE_MAC/BE_MAC.srcs/sources_1/new/reception.vhd:285]
ERROR: [VRFC 10-1504] unit behavioral ignored due to previous errors [/home/deladrie/Bureau/BE_MAC/BE_MAC.srcs/sources_1/new/reception.vhd:34]
INFO: [VRFC 10-240] VHDL file /home/deladrie/Bureau/BE_MAC/BE_MAC.srcs/sources_1/new/reception.vhd ignored due to errors
INFO: [VRFC 10-163] Analyzing VHDL file "/home/deladrie/Bureau/BE_MAC/BE_MAC.srcs/sources_1/new/reception.vhd" into library xil_defaultlib
INFO: [VRFC 10-307] analyzing entity EthernetController
ERROR: [VRFC 10-460] cannot read from 'out' object trnsmtp ; use 'buffer' or 'inout' [/home/deladrie/Bureau/BE_MAC/BE_MAC.srcs/sources_1/new/reception.vhd:285]
ERROR: [VRFC 10-1504] unit behavioral ignored due to previous errors [/home/deladrie/Bureau/BE_MAC/BE_MAC.srcs/sources_1/new/reception.vhd:34]
INFO: [VRFC 10-240] VHDL file /home/deladrie/Bureau/BE_MAC/BE_MAC.srcs/sources_1/new/reception.vhd ignored due to errors
INFO: [VRFC 10-163] Analyzing VHDL file "/home/deladrie/Bureau/BE_MAC/BE_MAC.srcs/sources_1/new/reception.vhd" into library xil_defaultlib
INFO: [VRFC 10-307] analyzing entity EthernetController
INFO: [VRFC 10-163] Analyzing VHDL file "/home/deladrie/Bureau/BE_MAC/BE_MAC.srcs/sim_1/new/test_reception.vhd" into library xil_defaultlib
INFO: [VRFC 10-307] analyzing entity test_reception
INFO: [VRFC 10-163] Analyzing VHDL file "/home/deladrie/Bureau/BE_MAC/BE_MAC.srcs/sim_1/new/test_reception.vhd" into library xil_defaultlib
INFO: [VRFC 10-307] analyzing entity test_reception
INFO: [VRFC 10-163] Analyzing VHDL file "/home/deladrie/Bureau/BE_MAC/BE_MAC.srcs/sources_1/new/reception.vhd" into library xil_defaultlib
INFO: [VRFC 10-307] analyzing entity EthernetController
INFO: [VRFC 10-163] Analyzing VHDL file "/home/deladrie/Bureau/BE_MAC/BE_MAC.srcs/sim_1/new/test_reception.vhd" into library xil_defaultlib
INFO: [VRFC 10-307] analyzing entity test_reception
INFO: [VRFC 10-163] Analyzing VHDL file "/home/deladrie/Bureau/BE_MAC/BE_MAC.srcs/sim_1/new/test_reception.vhd" into library xil_defaultlib
INFO: [VRFC 10-307] analyzing entity test_reception
INFO: [VRFC 10-163] Analyzing VHDL file "/home/deladrie/Bureau/BE_MAC/BE_MAC.srcs/sources_1/new/reception.vhd" into library xil_defaultlib
INFO: [VRFC 10-307] analyzing entity EthernetController
INFO: [VRFC 10-163] Analyzing VHDL file "/home/deladrie/Bureau/BE_MAC/BE_MAC.srcs/sim_1/new/test_reception.vhd" into library xil_defaultlib
INFO: [VRFC 10-307] analyzing entity test_reception
INFO: [VRFC 10-163] Analyzing VHDL file "/home/deladrie/Bureau/BE_MAC/BE_MAC.srcs/sources_1/new/reception.vhd" into library xil_defaultlib
INFO: [VRFC 10-307] analyzing entity EthernetController
INFO: [VRFC 10-163] Analyzing VHDL file "/home/deladrie/Bureau/BE_MAC/BE_MAC.srcs/sim_1/new/test_reception.vhd" into library xil_defaultlib
INFO: [VRFC 10-307] analyzing entity test_reception
INFO: [VRFC 10-163] Analyzing VHDL file "/home/deladrie/Bureau/BE_MAC/BE_MAC.srcs/sources_1/new/reception.vhd" into library xil_defaultlib
INFO: [VRFC 10-307] analyzing entity EthernetController
INFO: [VRFC 10-163] Analyzing VHDL file "/home/deladrie/Bureau/BE_MAC/BE_MAC.srcs/sim_1/new/test_reception.vhd" into library xil_defaultlib
INFO: [VRFC 10-307] analyzing entity test_reception
INFO: [VRFC 10-163] Analyzing VHDL file "/home/deladrie/Bureau/BE_MAC/BE_MAC.srcs/sources_1/new/reception.vhd" into library xil_defaultlib
INFO: [VRFC 10-307] analyzing entity EthernetController
INFO: [VRFC 10-163] Analyzing VHDL file "/home/deladrie/Bureau/BE_MAC/BE_MAC.srcs/sim_1/new/test_reception.vhd" into library xil_defaultlib
INFO: [VRFC 10-307] analyzing entity test_reception
INFO: [VRFC 10-163] Analyzing VHDL file "/home/deladrie/Bureau/BE_MAC/BE_MAC.srcs/sources_1/new/reception.vhd" into library xil_defaultlib
INFO: [VRFC 10-307] analyzing entity EthernetController
INFO: [VRFC 10-163] Analyzing VHDL file "/home/deladrie/Bureau/BE_MAC/BE_MAC.srcs/sim_1/new/test_reception.vhd" into library xil_defaultlib
INFO: [VRFC 10-307] analyzing entity test_reception
INFO: [VRFC 10-163] Analyzing VHDL file "/home/deladrie/Bureau/BE_MAC/BE_MAC.srcs/sources_1/new/reception.vhd" into library xil_defaultlib
INFO: [VRFC 10-307] analyzing entity EthernetController
INFO: [VRFC 10-163] Analyzing VHDL file "/home/deladrie/Bureau/BE_MAC/BE_MAC.srcs/sim_1/new/test_reception.vhd" into library xil_defaultlib
INFO: [VRFC 10-307] analyzing entity test_reception
INFO: [VRFC 10-163] Analyzing VHDL file "/home/deladrie/Bureau/BE_MAC/BE_MAC.srcs/sources_1/new/reception.vhd" into library xil_defaultlib
INFO: [VRFC 10-307] analyzing entity EthernetController
INFO: [VRFC 10-163] Analyzing VHDL file "/home/deladrie/Bureau/BE_MAC/BE_MAC.srcs/sim_1/new/test_reception.vhd" into library xil_defaultlib
INFO: [VRFC 10-307] analyzing entity test_reception
INFO: [VRFC 10-163] Analyzing VHDL file "/home/deladrie/Bureau/BE_MAC/BE_MAC.srcs/sources_1/new/reception.vhd" into library xil_defaultlib
INFO: [VRFC 10-307] analyzing entity EthernetController
INFO: [VRFC 10-163] Analyzing VHDL file "/home/deladrie/Bureau/BE_MAC/BE_MAC.srcs/sim_1/new/test_reception.vhd" into library xil_defaultlib
INFO: [VRFC 10-307] analyzing entity test_reception
INFO: [VRFC 10-163] Analyzing VHDL file "/home/deladrie/Bureau/BE_MAC/BE_MAC.srcs/sources_1/new/reception.vhd" into library xil_defaultlib
INFO: [VRFC 10-307] analyzing entity EthernetController
INFO: [VRFC 10-163] Analyzing VHDL file "/home/deladrie/Bureau/BE_MAC/BE_MAC.srcs/sim_1/new/test_reception.vhd" into library xil_defaultlib
INFO: [VRFC 10-307] analyzing entity test_reception
INFO: [VRFC 10-163] Analyzing VHDL file "/home/deladrie/Bureau/BE_MAC/BE_MAC.srcs/sources_1/new/reception.vhd" into library xil_defaultlib
INFO: [VRFC 10-307] analyzing entity EthernetController
INFO: [VRFC 10-163] Analyzing VHDL file "/home/deladrie/Bureau/BE_MAC/BE_MAC.srcs/sim_1/new/test_reception.vhd" into library xil_defaultlib
INFO: [VRFC 10-307] analyzing entity test_reception
INFO: [VRFC 10-163] Analyzing VHDL file "/home/deladrie/Bureau/BE_MAC/BE_MAC.srcs/sources_1/new/reception.vhd" into library xil_defaultlib
INFO: [VRFC 10-307] analyzing entity EthernetController
INFO: [VRFC 10-163] Analyzing VHDL file "/home/deladrie/Bureau/BE_MAC/BE_MAC.srcs/sim_1/new/test_reception.vhd" into library xil_defaultlib
INFO: [VRFC 10-307] analyzing entity test_reception
INFO: [VRFC 10-163] Analyzing VHDL file "/home/deladrie/Bureau/BE_MAC/BE_MAC.srcs/sources_1/new/reception.vhd" into library xil_defaultlib
INFO: [VRFC 10-307] analyzing entity EthernetController
INFO: [VRFC 10-163] Analyzing VHDL file "/home/deladrie/Bureau/BE_MAC/BE_MAC.srcs/sim_1/new/test_reception.vhd" into library xil_defaultlib
INFO: [VRFC 10-307] analyzing entity test_reception
INFO: [VRFC 10-163] Analyzing VHDL file "/home/deladrie/Bureau/BE_MAC/BE_MAC.srcs/sources_1/new/reception.vhd" into library xil_defaultlib
INFO: [VRFC 10-307] analyzing entity EthernetController
INFO: [VRFC 10-163] Analyzing VHDL file "/home/deladrie/Bureau/BE_MAC/BE_MAC.srcs/sim_1/new/test_reception.vhd" into library xil_defaultlib
INFO: [VRFC 10-307] analyzing entity test_reception
INFO: [VRFC 10-163] Analyzing VHDL file "/home/deladrie/Bureau/BE_MAC/BE_MAC.srcs/sources_1/new/reception.vhd" into library xil_defaultlib
INFO: [VRFC 10-307] analyzing entity EthernetController
INFO: [VRFC 10-163] Analyzing VHDL file "/home/deladrie/Bureau/BE_MAC/BE_MAC.srcs/sim_1/new/test_reception.vhd" into library xil_defaultlib
INFO: [VRFC 10-307] analyzing entity test_reception
INFO: [VRFC 10-163] Analyzing VHDL file "/home/deladrie/Bureau/BE_MAC/BE_MAC.srcs/sources_1/new/reception.vhd" into library xil_defaultlib
INFO: [VRFC 10-307] analyzing entity EthernetController
INFO: [VRFC 10-163] Analyzing VHDL file "/home/deladrie/Bureau/BE_MAC/BE_MAC.srcs/sim_1/new/test_reception.vhd" into library xil_defaultlib
INFO: [VRFC 10-307] analyzing entity test_reception
INFO: [VRFC 10-163] Analyzing VHDL file "/home/deladrie/Bureau/BE_MAC/BE_MAC.srcs/sources_1/new/reception.vhd" into library xil_defaultlib
INFO: [VRFC 10-307] analyzing entity EthernetController
INFO: [VRFC 10-163] Analyzing VHDL file "/home/deladrie/Bureau/BE_MAC/BE_MAC.srcs/sim_1/new/test_reception.vhd" into library xil_defaultlib
INFO: [VRFC 10-307] analyzing entity test_reception
INFO: [VRFC 10-163] Analyzing VHDL file "/home/deladrie/Bureau/BE_MAC/BE_MAC.srcs/sources_1/new/reception.vhd" into library xil_defaultlib
INFO: [VRFC 10-307] analyzing entity EthernetController
INFO: [VRFC 10-163] Analyzing VHDL file "/home/deladrie/Bureau/BE_MAC/BE_MAC.srcs/sim_1/new/test_reception.vhd" into library xil_defaultlib
INFO: [VRFC 10-307] analyzing entity test_reception
INFO: [VRFC 10-163] Analyzing VHDL file "/home/deladrie/Bureau/BE_MAC/BE_MAC.srcs/sim_1/new/test_reception.vhd" into library xil_defaultlib
INFO: [VRFC 10-307] analyzing entity test_reception
INFO: [VRFC 10-163] Analyzing VHDL file "/home/deladrie/Bureau/BE_MAC/BE_MAC.srcs/sources_1/new/reception.vhd" into library xil_defaultlib
INFO: [VRFC 10-307] analyzing entity EthernetController
INFO: [VRFC 10-163] Analyzing VHDL file "/home/deladrie/Bureau/BE_MAC/BE_MAC.srcs/sim_1/new/test_reception.vhd" into library xil_defaultlib
INFO: [VRFC 10-307] analyzing entity test_reception
INFO: [VRFC 10-163] Analyzing VHDL file "/home/deladrie/Bureau/BE_MAC/BE_MAC.srcs/sources_1/new/reception.vhd" into library xil_defaultlib
INFO: [VRFC 10-307] analyzing entity EthernetController
INFO: [VRFC 10-163] Analyzing VHDL file "/home/deladrie/Bureau/BE_MAC/BE_MAC.srcs/sim_1/new/test_reception.vhd" into library xil_defaultlib
INFO: [VRFC 10-307] analyzing entity test_reception
INFO: [VRFC 10-163] Analyzing VHDL file "/home/deladrie/Bureau/BE_MAC/BE_MAC.srcs/sources_1/new/reception.vhd" into library xil_defaultlib
INFO: [VRFC 10-307] analyzing entity EthernetController
INFO: [VRFC 10-163] Analyzing VHDL file "/home/deladrie/Bureau/BE_MAC/BE_MAC.srcs/sim_1/new/test_reception.vhd" into library xil_defaultlib
INFO: [VRFC 10-307] analyzing entity test_reception
INFO: [VRFC 10-163] Analyzing VHDL file "/home/deladrie/Bureau/BE_MAC/BE_MAC.srcs/sources_1/new/reception.vhd" into library xil_defaultlib
INFO: [VRFC 10-307] analyzing entity EthernetController
INFO: [VRFC 10-163] Analyzing VHDL file "/home/deladrie/Bureau/BE_MAC/BE_MAC.srcs/sim_1/new/test_reception.vhd" into library xil_defaultlib
INFO: [VRFC 10-307] analyzing entity test_reception
INFO: [VRFC 10-163] Analyzing VHDL file "/home/deladrie/Bureau/BE_MAC/BE_MAC.srcs/sources_1/new/reception.vhd" into library xil_defaultlib
INFO: [VRFC 10-307] analyzing entity EthernetController
INFO: [VRFC 10-163] Analyzing VHDL file "/home/deladrie/Bureau/BE_MAC/BE_MAC.srcs/sim_1/new/test_reception.vhd" into library xil_defaultlib
INFO: [VRFC 10-307] analyzing entity test_reception
INFO: [VRFC 10-163] Analyzing VHDL file "/home/deladrie/Bureau/BE_MAC/BE_MAC.srcs/sources_1/new/reception.vhd" into library xil_defaultlib
INFO: [VRFC 10-307] analyzing entity EthernetController
INFO: [VRFC 10-163] Analyzing VHDL file "/home/deladrie/Bureau/BE_MAC/BE_MAC.srcs/sim_1/new/test_reception.vhd" into library xil_defaultlib
INFO: [VRFC 10-307] analyzing entity test_reception
INFO: [VRFC 10-163] Analyzing VHDL file "/home/deladrie/Bureau/BE_MAC/BE_MAC.srcs/sources_1/new/reception.vhd" into library xil_defaultlib
INFO: [VRFC 10-307] analyzing entity EthernetController
INFO: [VRFC 10-163] Analyzing VHDL file "/home/deladrie/Bureau/BE_MAC/BE_MAC.srcs/sim_1/new/test_reception.vhd" into library xil_defaultlib
INFO: [VRFC 10-307] analyzing entity test_reception
INFO: [VRFC 10-163] Analyzing VHDL file "/home/deladrie/Bureau/BE_MAC/BE_MAC.srcs/sources_1/new/reception.vhd" into library xil_defaultlib
INFO: [VRFC 10-307] analyzing entity EthernetController
INFO: [VRFC 10-163] Analyzing VHDL file "/home/deladrie/Bureau/BE_MAC/BE_MAC.srcs/sim_1/new/test_reception.vhd" into library xil_defaultlib
INFO: [VRFC 10-307] analyzing entity test_reception
INFO: [VRFC 10-163] Analyzing VHDL file "/home/deladrie/Bureau/BE_MAC/BE_MAC.srcs/sim_1/new/test_reception.vhd" into library xil_defaultlib
INFO: [VRFC 10-307] analyzing entity test_reception
INFO: [VRFC 10-163] Analyzing VHDL file "/home/deladrie/Bureau/BE_MAC/BE_MAC.srcs/sources_1/new/reception.vhd" into library xil_defaultlib
INFO: [VRFC 10-307] analyzing entity EthernetController
INFO: [VRFC 10-163] Analyzing VHDL file "/home/deladrie/Bureau/BE_MAC/BE_MAC.srcs/sim_1/new/test_reception.vhd" into library xil_defaultlib
INFO: [VRFC 10-307] analyzing entity test_reception
INFO: [VRFC 10-163] Analyzing VHDL file "/home/deladrie/Bureau/BE_MAC/BE_MAC.srcs/sources_1/new/reception.vhd" into library xil_defaultlib
INFO: [VRFC 10-307] analyzing entity EthernetController
INFO: [VRFC 10-163] Analyzing VHDL file "/home/deladrie/Bureau/BE_MAC/BE_MAC.srcs/sim_1/new/test_reception.vhd" into library xil_defaultlib
INFO: [VRFC 10-307] analyzing entity test_reception
INFO: [VRFC 10-163] Analyzing VHDL file "/home/deladrie/Bureau/BE_MAC/BE_MAC.srcs/sources_1/new/reception.vhd" into library xil_defaultlib
INFO: [VRFC 10-307] analyzing entity EthernetController
INFO: [VRFC 10-163] Analyzing VHDL file "/home/deladrie/Bureau/BE_MAC/BE_MAC.srcs/sim_1/new/test_reception.vhd" into library xil_defaultlib
INFO: [VRFC 10-307] analyzing entity test_reception
INFO: [VRFC 10-163] Analyzing VHDL file "/home/deladrie/Bureau/BE_MAC/BE_MAC.srcs/sources_1/new/reception.vhd" into library xil_defaultlib
INFO: [VRFC 10-307] analyzing entity EthernetController
INFO: [VRFC 10-163] Analyzing VHDL file "/home/deladrie/Bureau/BE_MAC/BE_MAC.srcs/sim_1/new/test_reception.vhd" into library xil_defaultlib
INFO: [VRFC 10-307] analyzing entity test_reception
INFO: [VRFC 10-163] Analyzing VHDL file "/home/deladrie/Bureau/BE_MAC/BE_MAC.srcs/sources_1/new/reception.vhd" into library xil_defaultlib
INFO: [VRFC 10-307] analyzing entity EthernetController
INFO: [VRFC 10-163] Analyzing VHDL file "/home/deladrie/Bureau/BE_MAC/BE_MAC.srcs/sim_1/new/test_reception.vhd" into library xil_defaultlib
INFO: [VRFC 10-307] analyzing entity test_reception
INFO: [VRFC 10-163] Analyzing VHDL file "/home/deladrie/Bureau/BE_MAC/BE_MAC.srcs/sources_1/new/reception.vhd" into library xil_defaultlib
INFO: [VRFC 10-307] analyzing entity EthernetController
INFO: [VRFC 10-163] Analyzing VHDL file "/home/deladrie/Bureau/BE_MAC/BE_MAC.srcs/sim_1/new/test_reception.vhd" into library xil_defaultlib
INFO: [VRFC 10-307] analyzing entity test_reception
INFO: [VRFC 10-163] Analyzing VHDL file "/home/deladrie/Bureau/BE_MAC/BE_MAC.srcs/sources_1/new/reception.vhd" into library xil_defaultlib
INFO: [VRFC 10-307] analyzing entity EthernetController
INFO: [VRFC 10-163] Analyzing VHDL file "/home/deladrie/Bureau/BE_MAC/BE_MAC.srcs/sim_1/new/test_reception.vhd" into library xil_defaultlib
INFO: [VRFC 10-307] analyzing entity test_reception
INFO: [VRFC 10-163] Analyzing VHDL file "/home/deladrie/Bureau/BE_MAC/BE_MAC.srcs/sources_1/new/reception.vhd" into library xil_defaultlib
INFO: [VRFC 10-307] analyzing entity EthernetController
INFO: [VRFC 10-163] Analyzing VHDL file "/home/deladrie/Bureau/BE_MAC/BE_MAC.srcs/sim_1/new/test_reception.vhd" into library xil_defaultlib
INFO: [VRFC 10-307] analyzing entity test_reception
INFO: [VRFC 10-163] Analyzing VHDL file "/home/deladrie/Bureau/BE_MAC/BE_MAC.srcs/sources_1/new/reception.vhd" into library xil_defaultlib
INFO: [VRFC 10-307] analyzing entity EthernetController
INFO: [VRFC 10-163] Analyzing VHDL file "/home/deladrie/Bureau/BE_MAC/BE_MAC.srcs/sim_1/new/test_reception.vhd" into library xil_defaultlib
INFO: [VRFC 10-307] analyzing entity test_reception
INFO: [VRFC 10-163] Analyzing VHDL file "/home/deladrie/Bureau/BE_MAC/BE_MAC.srcs/sim_1/new/test_reception.vhd" into library xil_defaultlib
INFO: [VRFC 10-307] analyzing entity test_reception
INFO: [VRFC 10-163] Analyzing VHDL file "/home/deladrie/Bureau/BE_MAC/BE_MAC.srcs/sources_1/new/reception.vhd" into library xil_defaultlib
INFO: [VRFC 10-307] analyzing entity EthernetController
INFO: [VRFC 10-163] Analyzing VHDL file "/home/deladrie/Bureau/BE_MAC/BE_MAC.srcs/sim_1/new/test_reception.vhd" into library xil_defaultlib
INFO: [VRFC 10-307] analyzing entity test_reception
INFO: [VRFC 10-163] Analyzing VHDL file "/home/deladrie/Bureau/BE_MAC/BE_MAC.srcs/sources_1/new/reception.vhd" into library xil_defaultlib
INFO: [VRFC 10-307] analyzing entity EthernetController
INFO: [VRFC 10-163] Analyzing VHDL file "/home/deladrie/Bureau/BE_MAC/BE_MAC.srcs/sim_1/new/test_reception.vhd" into library xil_defaultlib
INFO: [VRFC 10-307] analyzing entity test_reception
INFO: [VRFC 10-163] Analyzing VHDL file "/home/deladrie/Bureau/BE_MAC/BE_MAC.srcs/sources_1/new/reception.vhd" into library xil_defaultlib
INFO: [VRFC 10-307] analyzing entity EthernetController
INFO: [VRFC 10-163] Analyzing VHDL file "/home/deladrie/Bureau/BE_MAC/BE_MAC.srcs/sim_1/new/test_reception.vhd" into library xil_defaultlib
INFO: [VRFC 10-307] analyzing entity test_reception
INFO: [VRFC 10-163] Analyzing VHDL file "/home/deladrie/Bureau/BE_MAC/BE_MAC.srcs/sources_1/new/reception.vhd" into library xil_defaultlib
INFO: [VRFC 10-307] analyzing entity EthernetController
INFO: [VRFC 10-163] Analyzing VHDL file "/home/deladrie/Bureau/BE_MAC/BE_MAC.srcs/sim_1/new/test_reception.vhd" into library xil_defaultlib
INFO: [VRFC 10-307] analyzing entity test_reception
INFO: [VRFC 10-163] Analyzing VHDL file "/home/deladrie/Bureau/BE_MAC/BE_MAC.srcs/sim_1/new/test_reception.vhd" into library xil_defaultlib
INFO: [VRFC 10-307] analyzing entity test_reception
INFO: [VRFC 10-163] Analyzing VHDL file "/home/deladrie/Bureau/BE_MAC/BE_MAC.srcs/sim_1/new/test_reception.vhd" into library xil_defaultlib
INFO: [VRFC 10-307] analyzing entity test_reception
INFO: [VRFC 10-163] Analyzing VHDL file "/home/deladrie/Bureau/BE_MAC/BE_MAC.srcs/sim_1/new/test_reception.vhd" into library xil_defaultlib
INFO: [VRFC 10-307] analyzing entity test_reception
INFO: [VRFC 10-163] Analyzing VHDL file "/home/deladrie/Bureau/BE_MAC/BE_MAC.srcs/sim_1/new/test_reception.vhd" into library xil_defaultlib
INFO: [VRFC 10-307] analyzing entity test_reception
INFO: [VRFC 10-163] Analyzing VHDL file "/home/deladrie/Bureau/BE_MAC/BE_MAC.srcs/sim_1/new/test_reception.vhd" into library xil_defaultlib
INFO: [VRFC 10-307] analyzing entity test_reception
INFO: [VRFC 10-163] Analyzing VHDL file "/home/deladrie/Bureau/BE_MAC/BE_MAC.srcs/sim_1/new/test_reception.vhd" into library xil_defaultlib
INFO: [VRFC 10-307] analyzing entity test_reception
INFO: [VRFC 10-163] Analyzing VHDL file "/home/deladrie/Bureau/BE_MAC/BE_MAC.srcs/sources_1/new/reception.vhd" into library xil_defaultlib
INFO: [VRFC 10-307] analyzing entity EthernetController
INFO: [VRFC 10-163] Analyzing VHDL file "/home/deladrie/Bureau/BE_MAC/BE_MAC.srcs/sim_1/new/test_reception.vhd" into library xil_defaultlib
INFO: [VRFC 10-307] analyzing entity test_reception
INFO: [VRFC 10-163] Analyzing VHDL file "/home/deladrie/Bureau/BE_MAC/BE_MAC.srcs/sources_1/new/reception.vhd" into library xil_defaultlib
INFO: [VRFC 10-307] analyzing entity EthernetController
INFO: [VRFC 10-163] Analyzing VHDL file "/home/deladrie/Bureau/BE_MAC/BE_MAC.srcs/sim_1/new/test_reception.vhd" into library xil_defaultlib
INFO: [VRFC 10-307] analyzing entity test_reception
INFO: [VRFC 10-163] Analyzing VHDL file "/home/deladrie/Bureau/BE_MAC/BE_MAC.srcs/sim_1/new/test_reception.vhd" into library xil_defaultlib
INFO: [VRFC 10-307] analyzing entity test_reception
INFO: [VRFC 10-163] Analyzing VHDL file "/home/deladrie/Bureau/BE_MAC/BE_MAC.srcs/sources_1/new/reception.vhd" into library xil_defaultlib
INFO: [VRFC 10-307] analyzing entity EthernetController
INFO: [VRFC 10-163] Analyzing VHDL file "/home/deladrie/Bureau/BE_MAC/BE_MAC.srcs/sim_1/new/test_reception.vhd" into library xil_defaultlib
INFO: [VRFC 10-307] analyzing entity test_reception
INFO: [VRFC 10-163] Analyzing VHDL file "/home/deladrie/Bureau/BE_MAC/BE_MAC.srcs/sources_1/new/reception.vhd" into library xil_defaultlib
INFO: [VRFC 10-307] analyzing entity EthernetController
INFO: [VRFC 10-163] Analyzing VHDL file "/home/deladrie/Bureau/BE_MAC/BE_MAC.srcs/sim_1/new/test_reception.vhd" into library xil_defaultlib
INFO: [VRFC 10-307] analyzing entity test_reception
INFO: [VRFC 10-163] Analyzing VHDL file "/home/deladrie/Bureau/BE_MAC/BE_MAC.srcs/sim_1/new/test_reception.vhd" into library xil_defaultlib
INFO: [VRFC 10-307] analyzing entity test_reception
INFO: [VRFC 10-163] Analyzing VHDL file "/home/deladrie/Bureau/BE_MAC/BE_MAC.srcs/sim_1/new/test_reception.vhd" into library xil_defaultlib
INFO: [VRFC 10-307] analyzing entity test_reception
INFO: [VRFC 10-163] Analyzing VHDL file "/home/deladrie/Bureau/BE_MAC/BE_MAC.srcs/sources_1/new/reception.vhd" into library xil_defaultlib
INFO: [VRFC 10-307] analyzing entity EthernetController
INFO: [VRFC 10-163] Analyzing VHDL file "/home/deladrie/Bureau/BE_MAC/BE_MAC.srcs/sim_1/new/test_reception.vhd" into library xil_defaultlib
INFO: [VRFC 10-307] analyzing entity test_reception
INFO: [VRFC 10-163] Analyzing VHDL file "/home/deladrie/Bureau/BE_MAC/BE_MAC.srcs/sources_1/new/reception.vhd" into library xil_defaultlib
INFO: [VRFC 10-307] analyzing entity EthernetController
INFO: [VRFC 10-163] Analyzing VHDL file "/home/deladrie/Bureau/BE_MAC/BE_MAC.srcs/sim_1/new/test_reception.vhd" into library xil_defaultlib
INFO: [VRFC 10-307] analyzing entity test_reception
INFO: [VRFC 10-163] Analyzing VHDL file "/home/deladrie/Bureau/BE_MAC/BE_MAC.srcs/sources_1/new/reception.vhd" into library xil_defaultlib
INFO: [VRFC 10-307] analyzing entity EthernetController
INFO: [VRFC 10-163] Analyzing VHDL file "/home/deladrie/Bureau/BE_MAC/BE_MAC.srcs/sim_1/new/test_reception.vhd" into library xil_defaultlib
INFO: [VRFC 10-307] analyzing entity test_reception
