#-----------------------------------------------------------
# Vivado v2018.2 (64-bit)
# SW Build 2258646 on Thu Jun 14 20:02:38 MDT 2018
# IP Build 2256618 on Thu Jun 14 22:10:49 MDT 2018
# Start of session at: Fri Mar  3 13:57:07 2023
# Process ID: 2766
# Current directory: /home/deladrie/Bureau/BE_MAC
# Command line: vivado
# Log file: /home/deladrie/Bureau/BE_MAC/vivado.log
# Journal file: /home/deladrie/Bureau/BE_MAC/vivado.jou
#-----------------------------------------------------------
start_gui
open_project /home/deladrie/Bureau/BE_MAC/BE_MAC.xpr
Scanning sources...
Finished scanning sources
INFO: [IP_Flow 19-234] Refreshing IP repositories
INFO: [IP_Flow 19-1704] No user IP repositories specified
INFO: [IP_Flow 19-2313] Loaded Vivado IP repository '/usr/local/insa/Xilinx.VIVADO/Vivado/2018.2/data/ip'.
open_project: Time (s): cpu = 00:00:07 ; elapsed = 00:00:07 . Memory (MB): peak = 6183.441 ; gain = 77.703 ; free physical = 60595 ; free virtual = 71493
update_compile_order -fileset sources_1
