#-----------------------------------------------------------
# Vivado v2018.2 (64-bit)
# SW Build 2258646 on Thu Jun 14 20:02:38 MDT 2018
# IP Build 2256618 on Thu Jun 14 22:10:49 MDT 2018
# Start of session at: Fri Mar  3 14:03:14 2023
# Process ID: 3591
# Current directory: /home/deladrie/Bureau/BE_MAC
# Command line: vivado
# Log file: /home/deladrie/Bureau/BE_MAC/vivado.log
# Journal file: /home/deladrie/Bureau/BE_MAC/vivado.jou
#-----------------------------------------------------------
start_gui
open_project /home/deladrie/Bureau/BE_MAC/BE_MAC.xpr
Scanning sources...
Finished scanning sources
INFO: [IP_Flow 19-234] Refreshing IP repositories
INFO: [IP_Flow 19-1704] No user IP repositories specified
INFO: [IP_Flow 19-2313] Loaded Vivado IP repository '/usr/local/insa/Xilinx.VIVADO/Vivado/2018.2/data/ip'.
open_project: Time (s): cpu = 00:00:08 ; elapsed = 00:00:06 . Memory (MB): peak = 6173.656 ; gain = 86.645 ; free physical = 60562 ; free virtual = 71298
update_compile_order -fileset sources_1
open_project /home/deladrie/Bureau/compteur/compteur.xpr
Scanning sources...
Finished scanning sources
INFO: [IP_Flow 19-234] Refreshing IP repositories
INFO: [IP_Flow 19-1704] No user IP repositories specified
INFO: [IP_Flow 19-2313] Loaded Vivado IP repository '/usr/local/insa/Xilinx.VIVADO/Vivado/2018.2/data/ip'.
update_compile_order -fileset sources_1
current_project BE_MAC
launch_runs synth_1 -jobs 2
[Fri Mar  3 15:59:30 2023] Launched synth_1...
Run output will be captured here: /home/deladrie/Bureau/BE_MAC/BE_MAC.runs/synth_1/runme.log
launch_runs impl_1 -jobs 2
[Fri Mar  3 16:00:09 2023] Launched impl_1...
Run output will be captured here: /home/deladrie/Bureau/BE_MAC/BE_MAC.runs/impl_1/runme.log
open_run impl_1
INFO: [Netlist 29-17] Analyzing 11 Unisim elements for replacement
INFO: [Netlist 29-28] Unisim Transformation completed in 0 CPU seconds
INFO: [Project 1-479] Netlist was created with Vivado 2018.2
INFO: [Device 21-403] Loading part xc7a35tcpg236-1
INFO: [Project 1-570] Preparing netlist for logic optimization
Reading XDEF placement.
Reading placer database...
Reading XDEF routing.
Read XDEF File: Time (s): cpu = 00:00:00.01 ; elapsed = 00:00:00.01 . Memory (MB): peak = 6509.312 ; gain = 0.000 ; free physical = 55306 ; free virtual = 68409
Restored from archive | CPU: 0.010000 secs | Memory: 0.070107 MB |
Finished XDEF File Restore: Time (s): cpu = 00:00:00.01 ; elapsed = 00:00:00.01 . Memory (MB): peak = 6509.312 ; gain = 0.000 ; free physical = 55306 ; free virtual = 68409
INFO: [Project 1-111] Unisim Transformation Summary:
No Unisim elements were transformed.

open_run: Time (s): cpu = 00:00:13 ; elapsed = 00:00:16 . Memory (MB): peak = 6679.352 ; gain = 370.176 ; free physical = 55227 ; free virtual = 68335
WARNING: [Timing 38-313] There are no user specified timing constraints. Timing constraints are needed for proper timing analysis.
