#-----------------------------------------------------------
# Vivado v2018.2 (64-bit)
# SW Build 2258646 on Thu Jun 14 20:02:38 MDT 2018
# IP Build 2256618 on Thu Jun 14 22:10:49 MDT 2018
# Start of session at: Thu Mar 16 09:50:12 2023
# Process ID: 3623
# Current directory: /home/deladrie/Bureau/BE_MAC
# Command line: vivado
# Log file: /home/deladrie/Bureau/BE_MAC/vivado.log
# Journal file: /home/deladrie/Bureau/BE_MAC/vivado.jou
#-----------------------------------------------------------
start_gui
open_project /home/deladrie/Bureau/BE_MAC/BE_MAC.xpr
Scanning sources...
Finished scanning sources
INFO: [IP_Flow 19-234] Refreshing IP repositories
INFO: [IP_Flow 19-1704] No user IP repositories specified
INFO: [IP_Flow 19-2313] Loaded Vivado IP repository '/usr/local/insa/Xilinx.VIVADO/Vivado/2018.2/data/ip'.
open_project: Time (s): cpu = 00:00:11 ; elapsed = 00:00:14 . Memory (MB): peak = 6183.133 ; gain = 96.680 ; free physical = 12826 ; free virtual = 23326
update_compile_order -fileset sources_1
file mkdir /home/deladrie/Bureau/BE_MAC/BE_MAC.srcs/sim_1/new
set_property SOURCE_SET sources_1 [get_filesets sim_1]
close [ open /home/deladrie/Bureau/BE_MAC/BE_MAC.srcs/sim_1/new/test_reception.vhd w ]
add_files -fileset sim_1 /home/deladrie/Bureau/BE_MAC/BE_MAC.srcs/sim_1/new/test_reception.vhd
update_compile_order -fileset sim_1
update_compile_order -fileset sim_1
launch_simulation
INFO: [Vivado 12-5682] Launching behavioral simulation in '/home/deladrie/Bureau/BE_MAC/BE_MAC.sim/sim_1/behav/xsim'
INFO: [SIM-utils-51] Simulation object is 'sim_1'
INFO: [SIM-utils-54] Inspecting design source files for 'test_reception' in fileset 'sim_1'...
INFO: [USF-XSim-97] Finding global include files...
INFO: [USF-XSim-98] Fetching design files from 'sim_1'...
INFO: [USF-XSim-2] XSim::Compile design
INFO: [USF-XSim-61] Executing 'COMPILE and ANALYZE' step in '/home/deladrie/Bureau/BE_MAC/BE_MAC.sim/sim_1/behav/xsim'
xvhdl --incr --relax -prj test_reception_vhdl.prj
INFO: [VRFC 10-163] Analyzing VHDL file "/home/deladrie/Bureau/BE_MAC/BE_MAC.srcs/sources_1/new/reception.vhd" into library xil_defaultlib
INFO: [VRFC 10-307] analyzing entity EthernetController
INFO: [VRFC 10-163] Analyzing VHDL file "/home/deladrie/Bureau/BE_MAC/BE_MAC.srcs/sim_1/new/test_reception.vhd" into library xil_defaultlib
INFO: [VRFC 10-307] analyzing entity test_reception
INFO: [USF-XSim-69] 'compile' step finished in '4' seconds
INFO: [USF-XSim-3] XSim::Elaborate design
INFO: [USF-XSim-61] Executing 'ELABORATE' step in '/home/deladrie/Bureau/BE_MAC/BE_MAC.sim/sim_1/behav/xsim'
Vivado Simulator 2018.2
Copyright 1986-1999, 2001-2018 Xilinx, Inc. All Rights Reserved.
Running: /usr/local/insa/Xilinx.VIVADO/Vivado/2018.2/bin/unwrapped/lnx64.o/xelab -wto 0215edd123ee4deaaee13416684d0541 --incr --debug typical --relax --mt 8 -L xil_defaultlib -L secureip --snapshot test_reception_behav xil_defaultlib.test_reception -log elaborate.log 
Using 8 slave threads.
Starting static elaboration
Completed static elaboration
Starting simulation data flow analysis
Completed simulation data flow analysis
Time Resolution for simulation is 1ps
Compiling package std.standard
Compiling package std.textio
Compiling package ieee.std_logic_1164
Compiling package ieee.std_logic_arith
Compiling package ieee.std_logic_unsigned
Compiling architecture behavioral of entity xil_defaultlib.EthernetController [ethernetcontroller_default]
Compiling architecture behavioral of entity xil_defaultlib.test_reception
Built simulation snapshot test_reception_behav

****** Webtalk v2018.2 (64-bit)
  **** SW Build 2258646 on Thu Jun 14 20:02:38 MDT 2018
  **** IP Build 2256618 on Thu Jun 14 22:10:49 MDT 2018
    ** Copyright 1986-2018 Xilinx, Inc. All Rights Reserved.

source /home/deladrie/Bureau/BE_MAC/BE_MAC.sim/sim_1/behav/xsim/xsim.dir/test_reception_behav/webtalk/xsim_webtalk.tcl -notrace
INFO: [Common 17-206] Exiting Webtalk at Thu Mar 16 12:05:18 2023...
run_program: Time (s): cpu = 00:00:02 ; elapsed = 00:00:08 . Memory (MB): peak = 6325.184 ; gain = 0.000 ; free physical = 9839 ; free virtual = 21895
INFO: [USF-XSim-69] 'elaborate' step finished in '8' seconds
INFO: [USF-XSim-4] XSim::Simulate design
INFO: [USF-XSim-61] Executing 'SIMULATE' step in '/home/deladrie/Bureau/BE_MAC/BE_MAC.sim/sim_1/behav/xsim'
INFO: [USF-XSim-98] *** Running xsim
   with args "test_reception_behav -key {Behavioral:sim_1:Functional:test_reception} -tclbatch {test_reception.tcl} -log {simulate.log}"
INFO: [USF-XSim-8] Loading simulator feature
Vivado Simulator 2018.2
Time resolution is 1 ps
source test_reception.tcl
# set curr_wave [current_wave_config]
# if { [string length $curr_wave] == 0 } {
#   if { [llength [get_objects]] > 0} {
#     add_wave /
#     set_property needs_save false [current_wave_config]
#   } else {
#      send_msg_id Add_Wave-1 WARNING "No top level signals found. Simulator will start without a wave window. If you want to open a wave window go to 'File->New Waveform Configuration' or type 'create_wave_config' in the TCL console."
#   }
# }
# run 1000ns
INFO: [USF-XSim-96] XSim completed. Design snapshot 'test_reception_behav' loaded.
INFO: [USF-XSim-97] XSim simulation ran for 1000ns
launch_simulation: Time (s): cpu = 00:00:06 ; elapsed = 00:00:15 . Memory (MB): peak = 6383.996 ; gain = 58.812 ; free physical = 9788 ; free virtual = 21882
close_sim
INFO: [Simtcl 6-16] Simulation closed
launch_simulation
INFO: [Vivado 12-5682] Launching behavioral simulation in '/home/deladrie/Bureau/BE_MAC/BE_MAC.sim/sim_1/behav/xsim'
INFO: [SIM-utils-51] Simulation object is 'sim_1'
INFO: [SIM-utils-54] Inspecting design source files for 'test_reception' in fileset 'sim_1'...
INFO: [USF-XSim-97] Finding global include files...
INFO: [USF-XSim-98] Fetching design files from 'sim_1'...
INFO: [USF-XSim-2] XSim::Compile design
INFO: [USF-XSim-61] Executing 'COMPILE and ANALYZE' step in '/home/deladrie/Bureau/BE_MAC/BE_MAC.sim/sim_1/behav/xsim'
xvhdl --incr --relax -prj test_reception_vhdl.prj
INFO: [VRFC 10-163] Analyzing VHDL file "/home/deladrie/Bureau/BE_MAC/BE_MAC.srcs/sim_1/new/test_reception.vhd" into library xil_defaultlib
INFO: [VRFC 10-307] analyzing entity test_reception
INFO: [USF-XSim-69] 'compile' step finished in '3' seconds
INFO: [USF-XSim-3] XSim::Elaborate design
INFO: [USF-XSim-61] Executing 'ELABORATE' step in '/home/deladrie/Bureau/BE_MAC/BE_MAC.sim/sim_1/behav/xsim'
Vivado Simulator 2018.2
Copyright 1986-1999, 2001-2018 Xilinx, Inc. All Rights Reserved.
Running: /usr/local/insa/Xilinx.VIVADO/Vivado/2018.2/bin/unwrapped/lnx64.o/xelab -wto 0215edd123ee4deaaee13416684d0541 --incr --debug typical --relax --mt 8 -L xil_defaultlib -L secureip --snapshot test_reception_behav xil_defaultlib.test_reception -log elaborate.log 
Using 8 slave threads.
Starting static elaboration
Completed static elaboration
Starting simulation data flow analysis
Completed simulation data flow analysis
Time Resolution for simulation is 1ps
Compiling package std.standard
Compiling package std.textio
Compiling package ieee.std_logic_1164
Compiling package ieee.std_logic_arith
Compiling package ieee.std_logic_unsigned
Compiling architecture behavioral of entity xil_defaultlib.EthernetController [ethernetcontroller_default]
Compiling architecture behavioral of entity xil_defaultlib.test_reception
Built simulation snapshot test_reception_behav
INFO: [USF-XSim-69] 'elaborate' step finished in '2' seconds
INFO: [USF-XSim-4] XSim::Simulate design
INFO: [USF-XSim-61] Executing 'SIMULATE' step in '/home/deladrie/Bureau/BE_MAC/BE_MAC.sim/sim_1/behav/xsim'
INFO: [USF-XSim-98] *** Running xsim
   with args "test_reception_behav -key {Behavioral:sim_1:Functional:test_reception} -tclbatch {test_reception.tcl} -log {simulate.log}"
INFO: [USF-XSim-8] Loading simulator feature
Vivado Simulator 2018.2
Time resolution is 1 ps
source test_reception.tcl
# set curr_wave [current_wave_config]
# if { [string length $curr_wave] == 0 } {
#   if { [llength [get_objects]] > 0} {
#     add_wave /
#     set_property needs_save false [current_wave_config]
#   } else {
#      send_msg_id Add_Wave-1 WARNING "No top level signals found. Simulator will start without a wave window. If you want to open a wave window go to 'File->New Waveform Configuration' or type 'create_wave_config' in the TCL console."
#   }
# }
# run 1000ns
INFO: [USF-XSim-96] XSim completed. Design snapshot 'test_reception_behav' loaded.
INFO: [USF-XSim-97] XSim simulation ran for 1000ns
launch_simulation: Time (s): cpu = 00:00:04 ; elapsed = 00:00:07 . Memory (MB): peak = 6397.000 ; gain = 2.996 ; free physical = 9800 ; free virtual = 21896
close_sim
INFO: [Simtcl 6-16] Simulation closed
exit
INFO: [Common 17-206] Exiting Vivado at Thu Mar 16 12:20:21 2023...
